CCRM ERP China G&A
CN-WIN Plan Ecosystem
CRM - China
DAX-AiA-PUB BD-CN
ECIT COGS - DOMO-US
ECIT COGS - OEM Eng - India
ECIT COGS - OPS SD-US
ECIT COGS -ECIT Arch-US
ECIT COGS -ECIT Mgmt-US
ECIT COGS -MBS Eng-Farg
ECIT COGS -MBS Eng-Ind
ECIT COGS -MBS SE-Ind
ECIT COGS -MBS SE-US
ECIT COGS -MBS/OPS-Irln
ECIT COGS -MBS/OPS-M-US
ECIT COGS VL Eng Chi
ECIT COGS -VL Eng-Ind
ECIT COGS -VL Eng-US
ESIT MLS China
MSIT China China
Retail Stores - IT
RotationProgramChina
SESIT Disc&Collab CH
SESIT EntPlatSv GACH
SESIT EntPlatSv SMUS
SM BGIT China
SMIT Online Eng @ China
SPG Vendor Mgmt BJ
US-RE&F CHINA
