A&O BD MGR (PUBLISHER)
BUSINESS MANAGER
DIR BUSINESS MGMT
DIR IT SOLUTION MGMT
EXEC BUSINESS ADMIN
INTERN SE
IT ENTPR ARCHITECT
IT PROGRAM MANAGER INTERN
IT PROGRAM MGR 2
IT SDE 2
IT SDE INTERN
IT SERVICE ENG 2
IT SERVICE OPS 2
IT SOLUTION MGR 3
MACH IT SDE
MANAGER, SOLUTION MANAGEMENT
PRIN DEVELOPMENT LEAD
PRIN DEVELOPMENT MGR
PRIN PROGRAM MANAGER
PRINCIPAL BUS RELATIONSHIP MGR
PRINCIPAL GROUP MGR
PRINCIPAL IT ENTPR ARCHITECT
PRINCIPAL IT PM MGR
PRINCIPAL IT PROGRAM MGR
PRINCIPAL IT SERVICE ENG
PRINCIPAL IT SERVICE ENG MGR
PRINCIPAL IT SERVICE OPS
PRINCIPAL IT SOFTW ARCHITECT
PRINCIPAL IT SOLUTION MGMT
PRINCIPAL IT SOLUTION MGR
PRINCIPAL PM MANAGER
PRINCIPAL TEST LEAD
PRINCIPAL TEST MANAGER
PROGRAM MANAGER
PROGRAM MANAGER 2
SDE
SDE 2
SDE II
SDET
SDET II
SDET LEAD II
SENIOR DESIGN RESEARCHER
SENIOR DEVELOPMENT LEAD
SENIOR DEVELOPMENT MGR
SENIOR PM MANAGER
SENIOR PROGRAM MANAGER
SENIOR SDE
SENIOR SDET
SENIOR TEST
SENIOR TEST LEAD
SOFTWARE ARCHITECT
SR DIR IT ARCHITECTURE
SR DIR IT SOLUTION MGMT
SR IT PROGRAM MGR
SR IT SDE
SR IT SERVICE ENG
SR IT SERVICE OPS
SR IT SOLUTION MGMT
SR IT SOLUTION MGR
SR SVC ENGINEERING MGR
SR. REPM, BEIJING W. CAMPUS
TECH EVANGELIST
VP ENTERPRISE COMMERCE IT
