nebsun	cn	Nebula Sun
nebsun	sn	Sun
nebsun	title	SDE
nebsun	physicalDeliveryOfficeName	BEIJING-BJW-1/11333
nebsun	telephoneNumber	+86 (10) 59172585 X72585
nebsun	givenName	Nebula
nebsun	whenCreated	3/13/2012 5:56:38 PM
nebsun	displayName	Nebula Sun
nebsun	memberOf	CN=EVERGREEN MSIT SITE PERMS 2,OU=UserAccounts,DC=redmond,DC=corp,DC=microsoft,DC=com CN=MSCOM China Engineer-mscomces,OU=UserAccounts,DC=fareast,DC=corp,DC=microsoft,DC=com CN=MSExpense 2.0 Users_MQR2014-exp2mqr14,OU=Distribution Lists,DC=redmond,DC=corp,DC=microsoft,DC=com CN=IT WW FTEs - Select Int'l Locations-ITWWFTE-select,OU=UserAccounts,DC=redmond,DC=corp,DC=microsoft,DC=com CN=MACH Tech Talks-MACHTECHTALKS,OU=Distribution Lists,DC=redmond,DC=corp,DC=microsoft,DC=com CN=msit-intune-users-phone-pilot-ITPhoneVPNPilot,OU=UserAccounts,DC=redmond,DC=corp,DC=microsoft,DC=com CN=Info@Seattle-rucinfo,OU=Distribution Lists,DC=redmond,DC=corp,DC=microsoft,DC=com CN=SXP China Eng-sxpcneng,OU=Distribution Lists,DC=redmond,DC=corp,DC=microsoft,DC=com CN=ARD Women FTE Beijing-ardwftebj,OU=UserAccounts,DC=fareast,DC=corp,DC=microsoft,DC=com CN=SxP Feed Users-sxpfeedusers,OU=Distribution Lists,DC=redmond,DC=corp,DC=microsoft,DC=com CN=Somex Feedback-somexFeedback,OU=Distribution Lists,DC=redmond,DC=corp,DC=microsoft,DC=com CN=MACH IT China Casual Chat - Current & Alum-machitchinaall,OU=UserAccounts,DC=fareast,DC=corp,DC=microsoft,DC=com CN=MSIT China SG,OU=UserAccounts,DC=fareast,DC=corp,DC=microsoft,DC=com CN=AutoSites Project Status Communications-AS_status_comms,OU=Distribution Lists,DC=redmond,DC=corp,DC=microsoft,DC=com CN=AutoSites Executive Status Reports-as_exec_status,OU=Distribution Lists,DC=redmond,DC=corp,DC=microsoft,DC=com CN=MDM News Recipients-mdmnewsrecip,OU=Distribution Lists,DC=redmond,DC=corp,DC=microsoft,DC=com CN=IT Showcase EngageIT News-ITSC_EngageIT_News,OU=Distribution Lists,DC=redmond,DC=corp,DC=microsoft,DC=com CN=Life in BJW-lifebjw,OU=Distribution Lists,DC=redmond,DC=corp,DC=microsoft,DC=com CN=MBAM User ExList-mbamexl,OU=UserAccounts,DC=redmond,DC=corp,DC=microsoft,DC=com CN=vSCRTUsers2-vSCRTUsers2,OU=Distribution Lists,DC=redmond,DC=corp,DC=microsoft,DC=com CN=ALL FTE Eng 7-allfteng7,OU=Distribution Lists,DC=redmond,DC=corp,DC=microsoft,DC=com CN=FY14 GCR Kickoff Attendee - PRC-kickoffprc,OU=Distribution Lists,DC=redmond,DC=corp,DC=microsoft,DC=com CN=WW Communities - Welcome New Members-wwcomnewm,OU=Distribution Lists,DC=redmond,DC=corp,DC=microsoft,DC=com CN=Xiao Zheng's Direct Reports-xzdr,OU=Distribution Lists,DC=redmond,DC=corp,DC=microsoft,DC=com CN=MSIT SDET China-msittestchina,OU=Distribution Lists,DC=redmond,DC=corp,DC=microsoft,DC=com CN=Women in SES-womeninses,OU=Distribution Lists,DC=redmond,DC=corp,DC=microsoft,DC=com CN=MBAM User Optout,OU=InfoSec,OU=Resources,DC=redmond,DC=corp,DC=microsoft,DC=com CN=SMITTFS_Contributors-SMITTFSContribs,OU=UserAccounts,DC=redmond,DC=corp,DC=microsoft,DC=com CN=MACH IT-US Monthly Committee Updates-machitusupdates,OU=UserAccounts,DC=redmond,DC=corp,DC=microsoft,DC=com CN=MACH IT Members July 12 - US-machitus712,OU=UserAccounts,DC=redmond,DC=corp,DC=microsoft,DC=com CN=IT Finance DFM MyTime Prod-ITF_DFM_MyTime_PROD,OU=UserAccounts,DC=redmond,DC=corp,DC=microsoft,DC=com CN=RDG EXCEPTION FOR VSC ENROLLMENT,OU=UserAccounts,DC=redmond,DC=corp,DC=microsoft,DC=com CN=MACH12 China Team1-mach12cnt1,OU=Distribution Lists,DC=redmond,DC=corp,DC=microsoft,DC=com CN=MSIT China Engineering - Community Service-msitchinaengcsv,OU=Distribution Lists,DC=redmond,DC=corp,DC=microsoft,DC=com CN=Programmatic Access Downtime Notifications-PADTNotifications,OU=Distribution Lists,DC=redmond,DC=corp,DC=microsoft,DC=com CN=Employees of MS in BEIJING-BJW-1-ftms_bjsbjw1,OU=Distribution Lists,DC=redmond,DC=corp,DC=microsoft,DC=com CN=SESIT WW FTE-sesitwwfte,OU=Distribution Lists,DC=redmond,DC=corp,DC=microsoft,DC=com CN=The Garage - The ZiZhu Space,OU=Distribution Lists,DC=redmond,DC=corp,DC=microsoft,DC=com CN=Testers in MSIT China,OU=Distribution Lists,DC=redmond,DC=corp,DC=microsoft,DC=com CN=PRC Payroll Employees (4),OU=Distribution Lists,DC=redmond,DC=corp,DC=microsoft,DC=com CN=PRC Beijing West Campus FTE - B1,OU=Distribution Lists,DC=redmond,DC=corp,DC=microsoft,DC=com CN=ASM_SEP_VSTF_Contributors,OU=UserAccounts,DC=redmond,DC=corp,DC=microsoft,DC=com CN=WW Communities - Architecture-wwcomarc,OU=Migrated,OU=ILM,OU=Groups,DC=redmond,DC=corp,DC=microsoft,DC=com CN=CHIME Chinese Activities Group,OU=Distribution Lists,DC=redmond,DC=corp,DC=microsoft,DC=com CN=WW Communities - Online Services-wwcomolm,OU=Migrated,OU=ILM,OU=Groups,DC=redmond,DC=corp,DC=microsoft,DC=com CN=mobileproxy_contributors,OU=UserAccounts,DC=redmond,DC=corp,DC=microsoft,DC=com CN=Women in IT China,OU=Distribution Lists,DC=redmond,DC=corp,DC=microsoft,DC=com CN=MSIT China Have Fun,OU=Distribution Lists,DC=redmond,DC=corp,DC=microsoft,DC=com CN=MSCOM_MobileSample_RW,OU=UserAccounts,DC=redmond,DC=corp,DC=microsoft,DC=com CN=CHIME Outdoor Adventure Club,OU=Distribution Lists,DC=redmond,DC=corp,DC=microsoft,DC=com CN=RXD_CloudCRM_Main Contributors,OU=UserAccounts,DC=redmond,DC=corp,DC=microsoft,DC=com CN=RXD_CRM Team_Customer Contributors,OU=UserAccounts,DC=redmond,DC=corp,DC=microsoft,DC=com CN=tfsrsmsit2,OU=UserAccounts,DC=redmond,DC=corp,DC=microsoft,DC=com CN=tfsrsmsit,OU=UserAccounts,DC=redmond,DC=corp,DC=microsoft,DC=com CN=PRC SMSG Extended Full Time Employees,OU=Distribution Lists,DC=redmond,DC=corp,DC=microsoft,DC=com
nebsun	department	RotationProgramChina
nebsun	company	MICROSOFT CHINA CO LTD
nebsun	mailNickname	nebsun
nebsun	name	Nebula Sun
nebsun	sAMAccountName	nebsun
nebsun	managedObjects	CN=Info@Seattle-rucinfo,OU=Distribution Lists,DC=redmond,DC=corp,DC=microsoft,DC=com
nebsun	userPrincipalName	nebsun@microsoft.com
nebsun	mail	nebsun@microsoft.com
nebsun	manager	CN=Xiao Zheng,OU=UserAccounts,DC=fareast,DC=corp,DC=microsoft,DC=com
nebsun	mobile	+86 138 10634847
nefei	cn	Nemo Fei
nefei	sn	Fei
nefei	title	MACH IT SDE
nefei	physicalDeliveryOfficeName	BEIJING-BJW-1/11313
nefei	telephoneNumber	+86 (10) 59172830 X72830
nefei	givenName	Nemo
nefei	whenCreated	3/26/2012 6:21:16 PM
nefei	displayName	Nemo Fei
nefei	memberOf	CN=EVERGREEN MSIT SITE PERMS 2,OU=UserAccounts,DC=redmond,DC=corp,DC=microsoft,DC=com CN=MSCOM China Engineer-mscomces,OU=UserAccounts,DC=fareast,DC=corp,DC=microsoft,DC=com CN=BIE Had Fun-biehadfun,OU=Distribution Lists,DC=redmond,DC=corp,DC=microsoft,DC=com CN=FastHelp Replace UAT Testers-fhreplaceuattesters,OU=UserAccounts,DC=redmond,DC=corp,DC=microsoft,DC=com CN=MSExpense 2.0 Users_MQR2014-exp2mqr14,OU=Distribution Lists,DC=redmond,DC=corp,DC=microsoft,DC=com CN=Xiao Zheng's Team-xzext,OU=UserAccounts,DC=fareast,DC=corp,DC=microsoft,DC=com CN=Kimberly Wolk's Team - Asia-kwextdirasia,OU=UserAccounts,DC=redmond,DC=corp,DC=microsoft,DC=com CN=MSIT SES Dynamics FTE China-sesdynamicsftechina,OU=UserAccounts,DC=fareast,DC=corp,DC=microsoft,DC=com CN=MACH IT China Casual Chat - Current & Alum-machitchinaall,OU=UserAccounts,DC=fareast,DC=corp,DC=microsoft,DC=com CN=MDS2012 China FTEs-mds2012cnftes,OU=UserAccounts,DC=fareast,DC=corp,DC=microsoft,DC=com CN=MDS2008 China Team-mds2008cn1,OU=UserAccounts,DC=fareast,DC=corp,DC=microsoft,DC=com CN=CCRM Automation Team-ccrmauto,OU=UserAccounts,DC=fareast,DC=corp,DC=microsoft,DC=com CN=MSIT China SG,OU=UserAccounts,DC=fareast,DC=corp,DC=microsoft,DC=com CN=MDM News Recipients-mdmnewsrecip,OU=Distribution Lists,DC=redmond,DC=corp,DC=microsoft,DC=com CN=MSIT China ITShowCase Team-msitchina-itshowcase,OU=Distribution Lists,DC=redmond,DC=corp,DC=microsoft,DC=com CN=MSCOM-CMS_RENDERTEST,OU=UserAccounts,DC=redmond,DC=corp,DC=microsoft,DC=com CN=MSCOM-CMS_AUTHORTEST,OU=UserAccounts,DC=redmond,DC=corp,DC=microsoft,DC=com CN=MBAM User ExList-mbamexl,OU=UserAccounts,DC=redmond,DC=corp,DC=microsoft,DC=com CN=vSCRTUsers2-vSCRTUsers2,OU=Distribution Lists,DC=redmond,DC=corp,DC=microsoft,DC=com CN=ALL FTE Eng 7-allfteng7,OU=Distribution Lists,DC=redmond,DC=corp,DC=microsoft,DC=com CN=FY14 GCR Kickoff Attendee - PRC-kickoffprc,OU=Distribution Lists,DC=redmond,DC=corp,DC=microsoft,DC=com CN=MSCOMCMSAUTHOR,OU=UserAccounts,DC=redmond,DC=corp,DC=microsoft,DC=com CN=MSCOMCMSRENDER,OU=UserAccounts,DC=redmond,DC=corp,DC=microsoft,DC=com CN=Xiao Zheng's Direct Reports-xzdr,OU=Distribution Lists,DC=redmond,DC=corp,DC=microsoft,DC=com CN=MS Poll Virtual Team-mspollvteam,OU=Distribution Lists,DC=redmond,DC=corp,DC=microsoft,DC=com CN=MBAM User Optout,OU=InfoSec,OU=Resources,DC=redmond,DC=corp,DC=microsoft,DC=com CN=GCR News Distribution-gcrnews,OU=Distribution Lists,DC=redmond,DC=corp,DC=microsoft,DC=com CN=MACH IT-US Monthly Committee Updates-machitusupdates,OU=UserAccounts,DC=redmond,DC=corp,DC=microsoft,DC=com CN=MACH IT Members July 12 - US-machitus712,OU=UserAccounts,DC=redmond,DC=corp,DC=microsoft,DC=com CN=IT Finance DFM MyTime Prod-ITF_DFM_MyTime_PROD,OU=UserAccounts,DC=redmond,DC=corp,DC=microsoft,DC=com CN=RDG EXCEPTION FOR VSC ENROLLMENT,OU=UserAccounts,DC=redmond,DC=corp,DC=microsoft,DC=com CN=MACH12 China Team1-mach12cnt1,OU=Distribution Lists,DC=redmond,DC=corp,DC=microsoft,DC=com CN=Employees of MS in BEIJING-BJW-1-ftms_bjsbjw1,OU=Distribution Lists,DC=redmond,DC=corp,DC=microsoft,DC=com CN=SESIT WW FTE-sesitwwfte,OU=Distribution Lists,DC=redmond,DC=corp,DC=microsoft,DC=com CN=Unified Search China Development Team,OU=UserAccounts,DC=fareast,DC=corp,DC=microsoft,DC=com CN=PRC Payroll Employees (4),OU=Distribution Lists,DC=redmond,DC=corp,DC=microsoft,DC=com CN=uscsp,OU=UserAccounts,DC=redmond,DC=corp,DC=microsoft,DC=com CN=MSCOM China Engineering,OU=Distribution Lists,DC=redmond,DC=corp,DC=microsoft,DC=com CN=PRC Beijing West Campus FTE - B1,OU=Distribution Lists,DC=redmond,DC=corp,DC=microsoft,DC=com CN=BIELABNOTIF,OU=Distribution Lists,DC=redmond,DC=corp,DC=microsoft,DC=com CN=Informa Communications,OU=Distribution Lists,DC=redmond,DC=corp,DC=microsoft,DC=com CN=Featured Hardware Announcements,OU=UserAccounts,DC=redmond,DC=corp,DC=microsoft,DC=com CN=MSIT BJ - Basketball Community,OU=Distribution Lists,DC=redmond,DC=corp,DC=microsoft,DC=com CN=mscomdrop,OU=UserAccounts,DC=redmond,DC=corp,DC=microsoft,DC=com CN=MSIT China Have Fun,OU=Distribution Lists,DC=redmond,DC=corp,DC=microsoft,DC=com CN=RXD_CloudCRM_Main Contributors,OU=UserAccounts,DC=redmond,DC=corp,DC=microsoft,DC=com CN=MSRA toastmasters ALL,OU=Distribution Lists,DC=redmond,DC=corp,DC=microsoft,DC=com
nefei	department	RotationProgramChina
nefei	company	MICROSOFT CHINA CO LTD
nefei	mailNickname	nefei
nefei	name	Nemo Fei
nefei	sAMAccountName	nefei
nefei	managedObjects	CN=MACH IT China Casual Chat - Current & Alum-machitchinaall,OU=UserAccounts,DC=fareast,DC=corp,DC=microsoft,DC=com
nefei	userPrincipalName	nefei@microsoft.com
nefei	mail	nefei@microsoft.com
nefei	manager	CN=Xiao Zheng,OU=UserAccounts,DC=fareast,DC=corp,DC=microsoft,DC=com
wenxu	cn	Wayne Xu
wenxu	sn	Xu
wenxu	title	SDE
wenxu	physicalDeliveryOfficeName	BEIJING-BJW-1/11212
wenxu	telephoneNumber	+86 (10) 59176385 X76385
wenxu	givenName	Wayne
wenxu	whenCreated	5/30/2013 10:08:30 PM
wenxu	displayName	Wayne Xu
wenxu	memberOf	CN=EVERGREEN MSIT SITE PERMS 2,OU=UserAccounts,DC=redmond,DC=corp,DC=microsoft,DC=com CN=MSExpense 2.0 Users_MQR2014-exp2mqr14,OU=Distribution Lists,DC=redmond,DC=corp,DC=microsoft,DC=com CN=IT WW FTEs - Select Int'l Locations-ITWWFTE-select,OU=UserAccounts,DC=redmond,DC=corp,DC=microsoft,DC=com CN=GallaCake EPS Alerts-gallacake_alerts,OU=UserAccounts,DC=fareast,DC=corp,DC=microsoft,DC=com CN=China MACH 13-cnmach13,OU=UserAccounts,DC=fareast,DC=corp,DC=microsoft,DC=com CN=MSIT SES Dynamics FTE China-sesdynamicsftechina,OU=UserAccounts,DC=fareast,DC=corp,DC=microsoft,DC=com CN=Gallacake China Dev-Gallacakecndev,OU=UserAccounts,DC=fareast,DC=corp,DC=microsoft,DC=com CN=ECIT China FTE Developers-ecitcndev,OU=UserAccounts,DC=fareast,DC=corp,DC=microsoft,DC=com CN=MACH IT China Casual Chat - Current & Alum-machitchinaall,OU=UserAccounts,DC=fareast,DC=corp,DC=microsoft,DC=com CN=FSSChinaSG,OU=UserAccounts,DC=fareast,DC=corp,DC=microsoft,DC=com CN=MDM News Recipients-mdmnewsrecip,OU=Distribution Lists,DC=redmond,DC=corp,DC=microsoft,DC=com CN=Tommy Liu (MSIT)'s Direct Reports-tlitdirects,OU=Distribution Lists,DC=redmond,DC=corp,DC=microsoft,DC=com CN=ECITDEV_TS,OU=UserAccounts,DC=redmond,DC=corp,DC=microsoft,DC=com CN=MACH IT US Members July '13-machitusjul13,OU=UserAccounts,DC=redmond,DC=corp,DC=microsoft,DC=com CN=MACH IT China Current Members-machitchinacurrent,OU=UserAccounts,DC=fareast,DC=corp,DC=microsoft,DC=com CN=MBAM User ExList-mbamexl,OU=UserAccounts,DC=redmond,DC=corp,DC=microsoft,DC=com CN=FY14 MACH MGX Participants-FY14MACHMGX,OU=Distribution Lists,DC=redmond,DC=corp,DC=microsoft,DC=com CN=BIE饭团-biefunparty,OU=Distribution Lists,DC=redmond,DC=corp,DC=microsoft,DC=com CN=IE F12 Toolbar Dogfooders-f12dog,OU=Distribution Lists,DC=redmond,DC=corp,DC=microsoft,DC=com CN=MACH IT Communications Committee-machitcommunications,OU=UserAccounts,DC=redmond,DC=corp,DC=microsoft,DC=com CN=IT Finance DFM MyTime Prod-ITF_DFM_MyTime_PROD,OU=UserAccounts,DC=redmond,DC=corp,DC=microsoft,DC=com CN=Employees of MS in BEIJING-BJW-1-ftms_bjsbjw1,OU=Distribution Lists,DC=redmond,DC=corp,DC=microsoft,DC=com CN=SESIT WW FTE-sesitwwfte,OU=Distribution Lists,DC=redmond,DC=corp,DC=microsoft,DC=com CN=TechReadyTV_Access,OU=UserAccounts,DC=redmond,DC=corp,DC=microsoft,DC=com CN=PRC Payroll Employees (4),OU=Distribution Lists,DC=redmond,DC=corp,DC=microsoft,DC=com CN=PRC Beijing West Campus FTE - B1,OU=Distribution Lists,DC=redmond,DC=corp,DC=microsoft,DC=com CN=Informa Communications,OU=Distribution Lists,DC=redmond,DC=corp,DC=microsoft,DC=com CN=MSIT BJ - Basketball Community,OU=Distribution Lists,DC=redmond,DC=corp,DC=microsoft,DC=com CN=MSIT FS Partners-msitfsdg,OU=Migrated,OU=ILM,OU=Groups,DC=redmond,DC=corp,DC=microsoft,DC=com CN=RXD_CloudCRM_Main Contributors,OU=UserAccounts,DC=redmond,DC=corp,DC=microsoft,DC=com CN=LPO_Developers_SG,OU=UserAccounts,DC=redmond,DC=corp,DC=microsoft,DC=com CN=RXD_CRM Team_Customer Contributors,OU=UserAccounts,DC=redmond,DC=corp,DC=microsoft,DC=com CN=MSRA toastmasters ALL,OU=Distribution Lists,DC=redmond,DC=corp,DC=microsoft,DC=com CN=PRC SMSG Extended Full Time Employees,OU=Distribution Lists,DC=redmond,DC=corp,DC=microsoft,DC=com
wenxu	department	RotationProgramChina
wenxu	company	MICROSOFT CHINA CO LTD
wenxu	mailNickname	wenxu
wenxu	name	Wayne Xu
wenxu	sAMAccountName	wenxu
wenxu	userPrincipalName	wenxu@microsoft.com
wenxu	mail	wenxu@microsoft.com
wenxu	manager	CN=Tommy Liu (MSIT),OU=UserAccounts,DC=fareast,DC=corp,DC=microsoft,DC=com
wenxu	mobile	13488684779
liub	cn	Bing Liu-1
liub	sn	Liu
liub	title	SDE
liub	physicalDeliveryOfficeName	BEIJING-BJW-1/11312
liub	telephoneNumber	+86 (10) 59176381 X76381
liub	givenName	Bing
liub	whenCreated	5/30/2013 10:11:03 PM
liub	displayName	Bing Liu
liub	memberOf	CN=EVERGREEN MSIT SITE PERMS 2,OU=UserAccounts,DC=redmond,DC=corp,DC=microsoft,DC=com CN=MSCOM China Engineer-mscomces,OU=UserAccounts,DC=fareast,DC=corp,DC=microsoft,DC=com CN=MSExpense 2.0 Users_MQR2014-exp2mqr14,OU=Distribution Lists,DC=redmond,DC=corp,DC=microsoft,DC=com CN=IT WW FTEs - Select Int'l Locations-ITWWFTE-select,OU=UserAccounts,DC=redmond,DC=corp,DC=microsoft,DC=com CN=China MACH 13-cnmach13,OU=UserAccounts,DC=fareast,DC=corp,DC=microsoft,DC=com CN=CBI ALL User-CBIALLUser,OU=UserAccounts,DC=fareast,DC=corp,DC=microsoft,DC=com CN=MACH IT China Casual Chat - Current & Alum-machitchinaall,OU=UserAccounts,DC=fareast,DC=corp,DC=microsoft,DC=com CN=BI Engineering China Dev x Test Leads-biecnleaddxt,OU=UserAccounts,DC=fareast,DC=corp,DC=microsoft,DC=com CN=MSIT China SG,OU=UserAccounts,DC=fareast,DC=corp,DC=microsoft,DC=com CN=MACH IT Communications Committee-machit_comms_us_sp,OU=UserAccounts,DC=redmond,DC=corp,DC=microsoft,DC=com CN=MDM News Recipients-mdmnewsrecip,OU=Distribution Lists,DC=redmond,DC=corp,DC=microsoft,DC=com CN=MACH IT US Members July '13-machitusjul13,OU=UserAccounts,DC=redmond,DC=corp,DC=microsoft,DC=com CN=MACH IT China Current Members-machitchinacurrent,OU=UserAccounts,DC=fareast,DC=corp,DC=microsoft,DC=com CN=MSCOM-CMS_RENDERTEST,OU=UserAccounts,DC=redmond,DC=corp,DC=microsoft,DC=com CN=MSCOM-CMS_AUTHORTEST,OU=UserAccounts,DC=redmond,DC=corp,DC=microsoft,DC=com CN=MBAM User ExList-mbamexl,OU=UserAccounts,DC=redmond,DC=corp,DC=microsoft,DC=com CN=FY14 MACH MGX Participants-FY14MACHMGX,OU=Distribution Lists,DC=redmond,DC=corp,DC=microsoft,DC=com CN=MSCOMCMSAUTHOR,OU=UserAccounts,DC=redmond,DC=corp,DC=microsoft,DC=com CN=MSCOMCMSRENDER,OU=UserAccounts,DC=redmond,DC=corp,DC=microsoft,DC=com CN=Xiao Zheng's Direct Reports-xzdr,OU=Distribution Lists,DC=redmond,DC=corp,DC=microsoft,DC=com CN=MACH IT Communications Committee-machitcommunications,OU=UserAccounts,DC=redmond,DC=corp,DC=microsoft,DC=com CN=IT Finance DFM MyTime Prod-ITF_DFM_MyTime_PROD,OU=UserAccounts,DC=redmond,DC=corp,DC=microsoft,DC=com CN=CCRM-China FTE Dev-ccrmcftedev,OU=Distribution Lists,DC=redmond,DC=corp,DC=microsoft,DC=com CN=Programmatic Access Downtime Notifications-PADTNotifications,OU=Distribution Lists,DC=redmond,DC=corp,DC=microsoft,DC=com CN=Employees of MS in BEIJING-BJW-1-ftms_bjsbjw1,OU=Distribution Lists,DC=redmond,DC=corp,DC=microsoft,DC=com CN=SESIT WW FTE-sesitwwfte,OU=Distribution Lists,DC=redmond,DC=corp,DC=microsoft,DC=com CN=CBI China Engineering,OU=UserAccounts,DC=fareast,DC=corp,DC=microsoft,DC=com CN=BI Engineering China Developers,OU=UserAccounts,DC=fareast,DC=corp,DC=microsoft,DC=com CN=Unified Search China Development Team,OU=UserAccounts,DC=fareast,DC=corp,DC=microsoft,DC=com CN=PRC Payroll Employees (4),OU=Distribution Lists,DC=redmond,DC=corp,DC=microsoft,DC=com CN=uscsp,OU=UserAccounts,DC=redmond,DC=corp,DC=microsoft,DC=com CN=MSCOM China Engineering,OU=Distribution Lists,DC=redmond,DC=corp,DC=microsoft,DC=com CN=PRC Beijing West Campus FTE - B1,OU=Distribution Lists,DC=redmond,DC=corp,DC=microsoft,DC=com CN=MSIT BJ - Basketball Community,OU=Distribution Lists,DC=redmond,DC=corp,DC=microsoft,DC=com CN=mscomdrop,OU=UserAccounts,DC=redmond,DC=corp,DC=microsoft,DC=com CN=RXD_CloudCRM_Main Contributors,OU=UserAccounts,DC=redmond,DC=corp,DC=microsoft,DC=com CN=RXD_CRM Team_Customer Contributors,OU=UserAccounts,DC=redmond,DC=corp,DC=microsoft,DC=com CN=MSRA toastmasters ALL,OU=Distribution Lists,DC=redmond,DC=corp,DC=microsoft,DC=com CN=PRC SMSG Extended Full Time Employees,OU=Distribution Lists,DC=redmond,DC=corp,DC=microsoft,DC=com
liub	department	RotationProgramChina
liub	company	MICROSOFT CHINA CO LTD
liub	mailNickname	liub
liub	name	Bing Liu-1
liub	sAMAccountName	liub
liub	userPrincipalName	liub@microsoft.com
liub	mail	liub@microsoft.com
liub	manager	CN=Xiao Zheng,OU=UserAccounts,DC=fareast,DC=corp,DC=microsoft,DC=com
fayan	cn	Fan Yang-1
fayan	sn	Yang
fayan	title	SDE
fayan	physicalDeliveryOfficeName	BEIJING-BJW-1/11245
fayan	telephoneNumber	+86 (10) 59176379 X76379
fayan	givenName	Fan
fayan	whenCreated	5/30/2013 10:09:43 PM
fayan	displayName	Fan Yang
fayan	memberOf	CN=EVERGREEN MSIT SITE PERMS 1,OU=UserAccounts,DC=redmond,DC=corp,DC=microsoft,DC=com CN=MyOrder Users-myorderusers,OU=Distribution Lists,DC=redmond,DC=corp,DC=microsoft,DC=com CN=SXP USER GROUP TEST-sxptest,OU=Distribution Lists,DC=redmond,DC=corp,DC=microsoft,DC=com CN=FastHelp Replace UAT Testers-fhreplaceuattesters,OU=UserAccounts,DC=redmond,DC=corp,DC=microsoft,DC=com CN=MSExpense 2.0 Users_MQR2014-exp2mqr14,OU=Distribution Lists,DC=redmond,DC=corp,DC=microsoft,DC=com CN=China Go Big Engineer Team-ccrmiaps,OU=Distribution Lists,DC=redmond,DC=corp,DC=microsoft,DC=com CN=Xiao Zheng's Team-xzext,OU=UserAccounts,DC=fareast,DC=corp,DC=microsoft,DC=com CN=Kimberly Wolk's Team - Asia-kwextdirasia,OU=UserAccounts,DC=redmond,DC=corp,DC=microsoft,DC=com CN=MACH IT China Casual Chat - Current & Alum-machitchinaall,OU=UserAccounts,DC=fareast,DC=corp,DC=microsoft,DC=com CN=CCRM-China FTE-ccrmchinafte,OU=UserAccounts,DC=fareast,DC=corp,DC=microsoft,DC=com CN=MSURL Users-msurlusers,OU=Distribution Lists,DC=redmond,DC=corp,DC=microsoft,DC=com CN=MSIT China ITShowCase Team-msitchina-itshowcase,OU=Distribution Lists,DC=redmond,DC=corp,DC=microsoft,DC=com CN=MACH IT US Members July '13-machitusjul13,OU=UserAccounts,DC=redmond,DC=corp,DC=microsoft,DC=com CN=MACH IT China Current Members-machitchinacurrent,OU=UserAccounts,DC=fareast,DC=corp,DC=microsoft,DC=com CN=MBAM User ExList-mbamexl,OU=UserAccounts,DC=redmond,DC=corp,DC=microsoft,DC=com CN=CCRM WW Dev-ccrmwwdev,OU=Distribution Lists,DC=redmond,DC=corp,DC=microsoft,DC=com CN=FY14 MACH MGX Participants-FY14MACHMGX,OU=Distribution Lists,DC=redmond,DC=corp,DC=microsoft,DC=com CN=MACH IT Communications Committee-machitcommunications,OU=UserAccounts,DC=redmond,DC=corp,DC=microsoft,DC=com CN=IT Finance DFM MyTime Prod-ITF_DFM_MyTime_PROD,OU=UserAccounts,DC=redmond,DC=corp,DC=microsoft,DC=com CN=CCRM-China FTE Dev-ccrmcftedev,OU=Distribution Lists,DC=redmond,DC=corp,DC=microsoft,DC=com CN=CCRM-China-ccrm-china,OU=Distribution Lists,DC=redmond,DC=corp,DC=microsoft,DC=com CN=Employees of MS in BEIJING-BJW-1-ftms_bjsbjw1,OU=Distribution Lists,DC=redmond,DC=corp,DC=microsoft,DC=com CN=SESIT WW FTE-sesitwwfte,OU=Distribution Lists,DC=redmond,DC=corp,DC=microsoft,DC=com CN=DLC China Team,OU=UserAccounts,DC=fareast,DC=corp,DC=microsoft,DC=com CN=PRC Beijing West Campus FTE - B1,OU=Distribution Lists,DC=redmond,DC=corp,DC=microsoft,DC=com CN=mscomdrop,OU=UserAccounts,DC=redmond,DC=corp,DC=microsoft,DC=com CN=RXD_CRM Team_Customer Contributors,OU=UserAccounts,DC=redmond,DC=corp,DC=microsoft,DC=com
fayan	department	RotationProgramChina
fayan	company	MICROSOFT CHINA CO LTD
fayan	mailNickname	fayan
fayan	name	Fan Yang-1
fayan	sAMAccountName	fayan
fayan	managedObjects	CN=SXP USER GROUP TEST-sxptest,OU=Distribution Lists,DC=redmond,DC=corp,DC=microsoft,DC=com
fayan	userPrincipalName	fayan@microsoft.com
fayan	mail	fayan@microsoft.com
fayan	manager	CN=Joey Zhu,OU=UserAccounts,DC=fareast,DC=corp,DC=microsoft,DC=com
fayan	mobile	+(86) 15501026539
zhijliu	cn	Zhijian Liu (PERSON CONSULTING)
zhijliu	sn	Liu
zhijliu	title	SDE
zhijliu	physicalDeliveryOfficeName	BEIJING-BJW-1/11244
zhijliu	telephoneNumber	+86 (10) 59165133 X65133
zhijliu	givenName	Zack
zhijliu	whenCreated	5/25/2013 4:24:14 AM
zhijliu	displayName	Zack Liu
zhijliu	memberOf	CN=EVERGREEN MSIT SITE PERMS 2,OU=UserAccounts,DC=redmond,DC=corp,DC=microsoft,DC=com CN=MSPAC2014Q2-mspac2014-2,OU=Distribution Lists,DC=redmond,DC=corp,DC=microsoft,DC=com CN=PRC MACH IT 14-msitmach14,OU=UserAccounts,DC=fareast,DC=corp,DC=microsoft,DC=com CN=HR Staffing CRM2013-hrsorion,OU=Distribution Lists,DC=redmond,DC=corp,DC=microsoft,DC=com CN=IT WW FTEs - Select Int'l Locations-ITWWFTE-select,OU=UserAccounts,DC=redmond,DC=corp,DC=microsoft,DC=com CN=MACH@MGX FY15 GCR-machmgx15,OU=UserAccounts,DC=fareast,DC=corp,DC=microsoft,DC=com CN=MSITC ECIT China Azure Migration Dev Team-migappdev,OU=Distribution Lists,DC=redmond,DC=corp,DC=microsoft,DC=com CN=MACH IT China Casual Chat - Current & Alum-machitchinaall,OU=UserAccounts,DC=fareast,DC=corp,DC=microsoft,DC=com CN=CCRM-China FTE-ccrmchinafte,OU=UserAccounts,DC=fareast,DC=corp,DC=microsoft,DC=com CN=BJW MSIT DSView,OU=UserAccounts,DC=fareast,DC=corp,DC=microsoft,DC=com CN=MACH IT China Current Members-machitchinacurrent,OU=UserAccounts,DC=fareast,DC=corp,DC=microsoft,DC=com CN=MBAM User ExList-mbamexl,OU=UserAccounts,DC=redmond,DC=corp,DC=microsoft,DC=com CN=CCRM WW Dev-ccrmwwdev,OU=Distribution Lists,DC=redmond,DC=corp,DC=microsoft,DC=com CN=BIE饭团-biefunparty,OU=Distribution Lists,DC=redmond,DC=corp,DC=microsoft,DC=com CN=IT Finance DFM MyTime Prod-ITF_DFM_MyTime_PROD,OU=UserAccounts,DC=redmond,DC=corp,DC=microsoft,DC=com CN=Lion ST China-Lionchina,OU=Distribution Lists,DC=redmond,DC=corp,DC=microsoft,DC=com CN=CCRM-China FTE Dev-ccrmcftedev,OU=Distribution Lists,DC=redmond,DC=corp,DC=microsoft,DC=com CN=CCRM-China-ccrm-china,OU=Distribution Lists,DC=redmond,DC=corp,DC=microsoft,DC=com CN=Employees of MS in BEIJING-BJW-1-ftms_bjsbjw1,OU=Distribution Lists,DC=redmond,DC=corp,DC=microsoft,DC=com CN=SESIT WW FTE-sesitwwfte,OU=Distribution Lists,DC=redmond,DC=corp,DC=microsoft,DC=com CN=MGX Attendees 3,OU=Distribution Lists,DC=redmond,DC=corp,DC=microsoft,DC=com CN=PRC Payroll Employees (4),OU=Distribution Lists,DC=redmond,DC=corp,DC=microsoft,DC=com CN=PRC Beijing West Campus FTE - B1,OU=Distribution Lists,DC=redmond,DC=corp,DC=microsoft,DC=com CN=LPO_Developers_SG,OU=UserAccounts,DC=redmond,DC=corp,DC=microsoft,DC=com CN=RXD_CRM Team_Customer Contributors,OU=UserAccounts,DC=redmond,DC=corp,DC=microsoft,DC=com CN=PRC SMSG Extended Full Time Employees,OU=Distribution Lists,DC=redmond,DC=corp,DC=microsoft,DC=com
zhijliu	department	RotationProgramChina
zhijliu	company	MICROSOFT CHINA CO LTD
zhijliu	mailNickname	zhijliu
zhijliu	name	Zhijian Liu (PERSON CONSULTING)
zhijliu	sAMAccountName	zhijliu
zhijliu	userPrincipalName	zhijliu@microsoft.com
zhijliu	mail	zhijliu@microsoft.com
zhijliu	manager	CN=Joey Zhu,OU=UserAccounts,DC=fareast,DC=corp,DC=microsoft,DC=com
kanchen	cn	Kan Chen
kanchen	sn	Chen
kanchen	title	SDE
kanchen	physicalDeliveryOfficeName	BEIJING-BJW-1/11372
kanchen	telephoneNumber	+86 (10) 59165134 X65134
kanchen	givenName	Kan
kanchen	whenCreated	4/4/2014 2:33:20 PM
kanchen	displayName	Kan Chen
kanchen	memberOf	CN=EVERGREEN MSIT SITE PERMS 1,OU=UserAccounts,DC=redmond,DC=corp,DC=microsoft,DC=com CN=MSPAC2014Q2-mspac2014-2,OU=Distribution Lists,DC=redmond,DC=corp,DC=microsoft,DC=com CN=PRC MACH IT 14-msitmach14,OU=UserAccounts,DC=fareast,DC=corp,DC=microsoft,DC=com CN=FastHelp Replace UAT Testers-fhreplaceuattesters,OU=UserAccounts,DC=redmond,DC=corp,DC=microsoft,DC=com CN=IT WW FTEs - Select Int'l Locations-ITWWFTE-select,OU=UserAccounts,DC=redmond,DC=corp,DC=microsoft,DC=com CN=MACH@MGX FY15 GCR-machmgx15,OU=UserAccounts,DC=fareast,DC=corp,DC=microsoft,DC=com CN=MSITC ECIT China Azure Migration Dev Team-migappdev,OU=Distribution Lists,DC=redmond,DC=corp,DC=microsoft,DC=com CN=ECIT China FTE Developers-ecitcndev,OU=UserAccounts,DC=fareast,DC=corp,DC=microsoft,DC=com CN=MACH IT China Casual Chat - Current & Alum-machitchinaall,OU=UserAccounts,DC=fareast,DC=corp,DC=microsoft,DC=com CN=Tommy Liu (MSIT)'s Direct Reports-tlitdirects,OU=Distribution Lists,DC=redmond,DC=corp,DC=microsoft,DC=com CN=MACH IT China Current Members-machitchinacurrent,OU=UserAccounts,DC=fareast,DC=corp,DC=microsoft,DC=com CN=MBAM User ExList-mbamexl,OU=UserAccounts,DC=redmond,DC=corp,DC=microsoft,DC=com CN=BIE饭团-biefunparty,OU=Distribution Lists,DC=redmond,DC=corp,DC=microsoft,DC=com CN=IT Finance DFM MyTime Prod-ITF_DFM_MyTime_PROD,OU=UserAccounts,DC=redmond,DC=corp,DC=microsoft,DC=com CN=Employees of MS in BEIJING-BJW-1-ftms_bjsbjw1,OU=Distribution Lists,DC=redmond,DC=corp,DC=microsoft,DC=com CN=SESIT WW FTE-sesitwwfte,OU=Distribution Lists,DC=redmond,DC=corp,DC=microsoft,DC=com CN=MGX Attendees 3,OU=Distribution Lists,DC=redmond,DC=corp,DC=microsoft,DC=com CN=PRC Payroll Employees (4),OU=Distribution Lists,DC=redmond,DC=corp,DC=microsoft,DC=com CN=PRC Beijing West Campus FTE - B1,OU=Distribution Lists,DC=redmond,DC=corp,DC=microsoft,DC=com CN=Women in IT China,OU=Distribution Lists,DC=redmond,DC=corp,DC=microsoft,DC=com CN=LPO_Developers_SG,OU=UserAccounts,DC=redmond,DC=corp,DC=microsoft,DC=com CN=PRC SMSG Extended Full Time Employees,OU=Distribution Lists,DC=redmond,DC=corp,DC=microsoft,DC=com
kanchen	department	RotationProgramChina
kanchen	company	MICROSOFT CHINA CO LTD
kanchen	mailNickname	kanchen
kanchen	name	Kan Chen
kanchen	sAMAccountName	kanchen
kanchen	userPrincipalName	kanchen@microsoft.com
kanchen	mail	kanchen@microsoft.com
kanchen	manager	CN=Tommy Liu (MSIT),OU=UserAccounts,DC=fareast,DC=corp,DC=microsoft,DC=com
wemu	cn	Wensi Mu
wemu	sn	Mu
wemu	title	SDE
wemu	physicalDeliveryOfficeName	BEIJING-BJW-1/11211
wemu	telephoneNumber	+86 (10) 59165135 X65135
wemu	givenName	Wensi
wemu	whenCreated	4/6/2014 12:25:02 AM
wemu	displayName	Wensi Mu
wemu	memberOf	CN=EVERGREEN MSIT SITE PERMS 2,OU=UserAccounts,DC=redmond,DC=corp,DC=microsoft,DC=com CN=Code Review For Search and Taxonomy Project-crfstPrjs,OU=Distribution Lists,DC=redmond,DC=corp,DC=microsoft,DC=com CN=MSIT ENTERPRISE SEARCH DEV TEAM,OU=UserAccounts,DC=redmond,DC=corp,DC=microsoft,DC=com CN=MSPAC2014Q2-mspac2014-2,OU=Distribution Lists,DC=redmond,DC=corp,DC=microsoft,DC=com CN=PRC MACH IT 14-msitmach14,OU=UserAccounts,DC=fareast,DC=corp,DC=microsoft,DC=com CN=IT Dev Center China FTE-itdcfte,OU=UserAccounts,DC=fareast,DC=corp,DC=microsoft,DC=com CN=IT WW FTEs - Select Int'l Locations-ITWWFTE-select,OU=UserAccounts,DC=redmond,DC=corp,DC=microsoft,DC=com CN=MACH@MGX FY15 GCR-machmgx15,OU=UserAccounts,DC=fareast,DC=corp,DC=microsoft,DC=com CN=MACH IT China Casual Chat - Current & Alum-machitchinaall,OU=UserAccounts,DC=fareast,DC=corp,DC=microsoft,DC=com CN=FSSChinaSG,OU=UserAccounts,DC=fareast,DC=corp,DC=microsoft,DC=com CN=ISDesign_FarEast,OU=Migrated,OU=ILM,OU=Groups,DC=fareast,DC=corp,DC=microsoft,DC=com CN=IT Dev Center Test-itdctest,OU=Distribution Lists,DC=redmond,DC=corp,DC=microsoft,DC=com CN=WIT China Core Team-witcnct,OU=Distribution Lists,DC=redmond,DC=corp,DC=microsoft,DC=com CN=HRStaffingAlert-hrsalert,OU=Distribution Lists,DC=redmond,DC=corp,DC=microsoft,DC=com CN=MACH IT China Current Members-machitchinacurrent,OU=UserAccounts,DC=fareast,DC=corp,DC=microsoft,DC=com CN=MBAM User ExList-mbamexl,OU=UserAccounts,DC=redmond,DC=corp,DC=microsoft,DC=com CN=CCRM WW Dev-ccrmwwdev,OU=Distribution Lists,DC=redmond,DC=corp,DC=microsoft,DC=com CN=BIE饭团-biefunparty,OU=Distribution Lists,DC=redmond,DC=corp,DC=microsoft,DC=com CN=HRStaffing Sharepoint Apps Audience-hrsspam,OU=UserAccounts,DC=redmond,DC=corp,DC=microsoft,DC=com CN=IT Finance DFM MyTime Prod-ITF_DFM_MyTime_PROD,OU=UserAccounts,DC=redmond,DC=corp,DC=microsoft,DC=com CN=Employees of MS in BEIJING-BJW-1-ftms_bjsbjw1,OU=Distribution Lists,DC=redmond,DC=corp,DC=microsoft,DC=com CN=SESIT WW FTE-sesitwwfte,OU=Distribution Lists,DC=redmond,DC=corp,DC=microsoft,DC=com CN=CloudCRM Tier 3 Engineering,OU=Distribution Lists,DC=redmond,DC=corp,DC=microsoft,DC=com CN=MGX Attendees 3,OU=Distribution Lists,DC=redmond,DC=corp,DC=microsoft,DC=com CN=PRC Payroll Employees (4),OU=Distribution Lists,DC=redmond,DC=corp,DC=microsoft,DC=com CN=PRC Beijing West Campus FTE - B1,OU=Distribution Lists,DC=redmond,DC=corp,DC=microsoft,DC=com CN=Foundation Services Sharepoint - China,OU=Distribution Lists,DC=redmond,DC=corp,DC=microsoft,DC=com CN=ASM_SEP_FarEast,OU=UserAccounts,DC=redmond,DC=corp,DC=microsoft,DC=com CN=MSIT Women,OU=Distribution Lists,DC=redmond,DC=corp,DC=microsoft,DC=com CN=Women in IT China,OU=Distribution Lists,DC=redmond,DC=corp,DC=microsoft,DC=com CN=MSIT SharePoint Experiences China FTE,OU=Distribution Lists,DC=redmond,DC=corp,DC=microsoft,DC=com CN=RXD_CloudCRM_Main Contributors,OU=UserAccounts,DC=redmond,DC=corp,DC=microsoft,DC=com CN=RXD_CRM Team_Customer Contributors,OU=UserAccounts,DC=redmond,DC=corp,DC=microsoft,DC=com CN=BIT Alums - Beijing Institute of Tech,OU=Distribution Lists,DC=redmond,DC=corp,DC=microsoft,DC=com CN=PRC SMSG Extended Full Time Employees,OU=Distribution Lists,DC=redmond,DC=corp,DC=microsoft,DC=com
wemu	department	RotationProgramChina
wemu	company	MICROSOFT CHINA CO LTD
wemu	mailNickname	wemu
wemu	name	Wensi Mu
wemu	sAMAccountName	wemu
wemu	userPrincipalName	wemu@microsoft.com
wemu	mail	wemu@microsoft.com
wemu	manager	CN=Bin Zhao (MSIT),OU=UserAccounts,DC=fareast,DC=corp,DC=microsoft,DC=com
zhawe	cn	Wei Zhao (Dup: 9ea21c92a01278418a7cdb822039ff49)
zhawe	sn	Zhao
zhawe	title	SDE
zhawe	physicalDeliveryOfficeName	BEIJING-BJW-1/11328
zhawe	telephoneNumber	+86 (10) 59165229 X65229
zhawe	givenName	Wei
zhawe	whenCreated	6/30/2014 10:29:28 PM
zhawe	displayName	Wei Zhao
zhawe	memberOf	CN=MSCOM China Engineer-mscomces,OU=UserAccounts,DC=fareast,DC=corp,DC=microsoft,DC=com CN=PRC MACH IT 14-msitmach14,OU=UserAccounts,DC=fareast,DC=corp,DC=microsoft,DC=com CN=HCP China Engineer-hce,OU=UserAccounts,DC=fareast,DC=corp,DC=microsoft,DC=com CN=ARD 2014 Badminton-ardbadminton,OU=Distribution Lists,DC=redmond,DC=corp,DC=microsoft,DC=com CN=VXP China Eng-vxpcneng,OU=UserAccounts,DC=redmond,DC=corp,DC=microsoft,DC=com CN=VIZFX Creators-vizfxcreators,OU=UserAccounts,DC=redmond,DC=corp,DC=microsoft,DC=com CN=WEXP MACH Live-WEXPMACHLIVE,OU=Distribution Lists,DC=redmond,DC=corp,DC=microsoft,DC=com CN=WEXP MACH IT Skill Up-WEXPMACHIT,OU=Distribution Lists,DC=redmond,DC=corp,DC=microsoft,DC=com CN=MACH IT China Casual Chat - Current & Alum-machitchinaall,OU=UserAccounts,DC=fareast,DC=corp,DC=microsoft,DC=com CN=MACH IT China Current Members-machitchinacurrent,OU=UserAccounts,DC=fareast,DC=corp,DC=microsoft,DC=com CN=New Engineer Meetup-nemeetup,OU=Distribution Lists,DC=redmond,DC=corp,DC=microsoft,DC=com CN=Info for Product Group Developers 2-pgdev2,OU=Distribution Lists,DC=redmond,DC=corp,DC=microsoft,DC=com CN=Xiao Zheng's Direct Reports-xzdr,OU=Distribution Lists,DC=redmond,DC=corp,DC=microsoft,DC=com CN=Employees of MS in BEIJING-BJW-1-ftms_bjsbjw1,OU=Distribution Lists,DC=redmond,DC=corp,DC=microsoft,DC=com CN=SESIT WW FTE-sesitwwfte,OU=Distribution Lists,DC=redmond,DC=corp,DC=microsoft,DC=com CN=DLC China Team,OU=UserAccounts,DC=fareast,DC=corp,DC=microsoft,DC=com CN=MGX Attendees 3,OU=Distribution Lists,DC=redmond,DC=corp,DC=microsoft,DC=com CN=Unified Search China FTE Team,OU=UserAccounts,DC=fareast,DC=corp,DC=microsoft,DC=com CN=PRC Payroll Employees (4),OU=Distribution Lists,DC=redmond,DC=corp,DC=microsoft,DC=com CN=MSCOM China Engineering,OU=Distribution Lists,DC=redmond,DC=corp,DC=microsoft,DC=com CN=MS.COM DLC Team in China,OU=Distribution Lists,DC=redmond,DC=corp,DC=microsoft,DC=com CN=Women in IT China,OU=Distribution Lists,DC=redmond,DC=corp,DC=microsoft,DC=com
zhawe	department	RotationProgramChina
zhawe	company	MICROSOFT CHINA CO LTD
zhawe	mailNickname	zhawe
zhawe	name	Wei Zhao (Dup: 9ea21c92a01278418a7cdb822039ff49)
zhawe	sAMAccountName	zhawe
zhawe	userPrincipalName	zhawe@microsoft.com
zhawe	mail	zhawe@microsoft.com
zhawe	manager	CN=Xiao Zheng,OU=UserAccounts,DC=fareast,DC=corp,DC=microsoft,DC=com
zhawe	mobile	18810460332
